Determining if the pthread_create exist failed with the following output:
Change Dir: /gpfs/main/home/sj4/course/cs224final/pcisph/version0.1/build/CMakeFiles/CMakeTmp

Run Build Command:"/usr/bin/make" "cmTryCompileExec839300211/fast"
/usr/bin/make -f CMakeFiles/cmTryCompileExec839300211.dir/build.make CMakeFiles/cmTryCompileExec839300211.dir/build
make[1]: Entering directory '/gpfs/main/home/sj4/course/cs224final/pcisph/version0.1/build/CMakeFiles/CMakeTmp'
/usr/bin/cmake -E cmake_progress_report /gpfs/main/home/sj4/course/cs224final/pcisph/version0.1/build/CMakeFiles/CMakeTmp/CMakeFiles 1
Building C object CMakeFiles/cmTryCompileExec839300211.dir/CheckSymbolExists.c.o
/usr/bin/cc    -o CMakeFiles/cmTryCompileExec839300211.dir/CheckSymbolExists.c.o   -c /gpfs/main/home/sj4/course/cs224final/pcisph/version0.1/build/CMakeFiles/CMakeTmp/CheckSymbolExists.c
Linking C executable cmTryCompileExec839300211
/usr/bin/cmake -E cmake_link_script CMakeFiles/cmTryCompileExec839300211.dir/link.txt --verbose=1
/usr/bin/cc       CMakeFiles/cmTryCompileExec839300211.dir/CheckSymbolExists.c.o  -o cmTryCompileExec839300211 -rdynamic 
CMakeFiles/cmTryCompileExec839300211.dir/CheckSymbolExists.c.o: In function `main':
CheckSymbolExists.c:(.text+0x16): undefined reference to `pthread_create'
collect2: error: ld returned 1 exit status
CMakeFiles/cmTryCompileExec839300211.dir/build.make:88: recipe for target 'cmTryCompileExec839300211' failed
make[1]: Leaving directory '/gpfs/main/home/sj4/course/cs224final/pcisph/version0.1/build/CMakeFiles/CMakeTmp'
make[1]: *** [cmTryCompileExec839300211] Error 1
Makefile:118: recipe for target 'cmTryCompileExec839300211/fast' failed
make: *** [cmTryCompileExec839300211/fast] Error 2

File /gpfs/main/home/sj4/course/cs224final/pcisph/version0.1/build/CMakeFiles/CMakeTmp/CheckSymbolExists.c:
/* */
#include <pthread.h>

int main(int argc, char** argv)
{
  (void)argv;
#ifndef pthread_create
  return ((int*)(&pthread_create))[argc];
#else
  (void)argc;
  return 0;
#endif
}

Determining if the function pthread_create exists in the pthreads failed with the following output:
Change Dir: /gpfs/main/home/sj4/course/cs224final/pcisph/version0.1/build/CMakeFiles/CMakeTmp

Run Build Command:"/usr/bin/make" "cmTryCompileExec3910183172/fast"
/usr/bin/make -f CMakeFiles/cmTryCompileExec3910183172.dir/build.make CMakeFiles/cmTryCompileExec3910183172.dir/build
make[1]: Entering directory '/gpfs/main/home/sj4/course/cs224final/pcisph/version0.1/build/CMakeFiles/CMakeTmp'
/usr/bin/cmake -E cmake_progress_report /gpfs/main/home/sj4/course/cs224final/pcisph/version0.1/build/CMakeFiles/CMakeTmp/CMakeFiles 1
Building C object CMakeFiles/cmTryCompileExec3910183172.dir/CheckFunctionExists.c.o
/usr/bin/cc   -DCHECK_FUNCTION_EXISTS=pthread_create   -o CMakeFiles/cmTryCompileExec3910183172.dir/CheckFunctionExists.c.o   -c /usr/share/cmake-3.0/Modules/CheckFunctionExists.c
Linking C executable cmTryCompileExec3910183172
/usr/bin/cmake -E cmake_link_script CMakeFiles/cmTryCompileExec3910183172.dir/link.txt --verbose=1
/usr/bin/cc   -DCHECK_FUNCTION_EXISTS=pthread_create    CMakeFiles/cmTryCompileExec3910183172.dir/CheckFunctionExists.c.o  -o cmTryCompileExec3910183172 -rdynamic -lpthreads 
/usr/bin/ld: cannot find -lpthreads
collect2: error: ld returned 1 exit status
CMakeFiles/cmTryCompileExec3910183172.dir/build.make:88: recipe for target 'cmTryCompileExec3910183172' failed
make[1]: Leaving directory '/gpfs/main/home/sj4/course/cs224final/pcisph/version0.1/build/CMakeFiles/CMakeTmp'
make[1]: *** [cmTryCompileExec3910183172] Error 1
Makefile:118: recipe for target 'cmTryCompileExec3910183172/fast' failed
make: *** [cmTryCompileExec3910183172/fast] Error 2


Determining if the function glXGetProcAddressEXT exists failed with the following output:
Change Dir: /gpfs/main/home/sj4/course/cs224final/pcisph/version0.1/build/CMakeFiles/CMakeTmp

Run Build Command:"/usr/bin/make" "cmTryCompileExec2165331718/fast"
/usr/bin/make -f CMakeFiles/cmTryCompileExec2165331718.dir/build.make CMakeFiles/cmTryCompileExec2165331718.dir/build
make[1]: Entering directory '/gpfs/main/home/sj4/course/cs224final/pcisph/version0.1/build/CMakeFiles/CMakeTmp'
/usr/bin/cmake -E cmake_progress_report /gpfs/main/home/sj4/course/cs224final/pcisph/version0.1/build/CMakeFiles/CMakeTmp/CMakeFiles 1
Building C object CMakeFiles/cmTryCompileExec2165331718.dir/CheckFunctionExists.c.o
/usr/bin/cc   -DCHECK_FUNCTION_EXISTS=glXGetProcAddressEXT   -o CMakeFiles/cmTryCompileExec2165331718.dir/CheckFunctionExists.c.o   -c /usr/share/cmake-3.0/Modules/CheckFunctionExists.c
Linking C executable cmTryCompileExec2165331718
/usr/bin/cmake -E cmake_link_script CMakeFiles/cmTryCompileExec2165331718.dir/link.txt --verbose=1
/usr/bin/cc   -DCHECK_FUNCTION_EXISTS=glXGetProcAddressEXT    CMakeFiles/cmTryCompileExec2165331718.dir/CheckFunctionExists.c.o  -o cmTryCompileExec2165331718 -rdynamic -lGL 
CMakeFiles/cmTryCompileExec2165331718.dir/CheckFunctionExists.c.o: In function `main':
CheckFunctionExists.c:(.text+0x15): undefined reference to `glXGetProcAddressEXT'
collect2: error: ld returned 1 exit status
CMakeFiles/cmTryCompileExec2165331718.dir/build.make:89: recipe for target 'cmTryCompileExec2165331718' failed
make[1]: Leaving directory '/gpfs/main/home/sj4/course/cs224final/pcisph/version0.1/build/CMakeFiles/CMakeTmp'
make[1]: *** [cmTryCompileExec2165331718] Error 1
Makefile:118: recipe for target 'cmTryCompileExec2165331718/fast' failed
make: *** [cmTryCompileExec2165331718/fast] Error 2


